<?xml version="1.0" encoding="UTF-8"?>
<!-- Generated by org.testng.reporters.JUnitReportReporter -->
<testsuite hostname="Sandeep" failures="0" tests="3" name="com.browserstack.TestBrowserStack" time="51.363" errors="0" timestamp="2024-09-10T22:30:42 IST" skipped="0">
  <testcase classname="com.browserstack.TestBrowserStack" name="loginTest" time="15.405"/>
  <testcase classname="com.browserstack.TestBrowserStack" name="loginTest2" time="25.516"/>
  <testcase classname="com.browserstack.TestBrowserStack" name="loginTest3" time="10.442"/>
</testsuite> <!-- com.browserstack.TestBrowserStack -->
