<?xml version="1.0" encoding="UTF-8"?>
<!-- Generated by org.testng.reporters.JUnitReportReporter -->
<testsuite hostname="Sandeep" failures="0" tests="2" name="com.testng.practice.ParametersTest" time="16.558" errors="0" timestamp="2024-06-24T17:04:13 IST" skipped="0">
  <testcase classname="com.testng.practice.ParametersTest" name="launchURL" time="12.407"/>
  <testcase classname="com.testng.practice.ParametersTest" name="login" time="4.151"/>
</testsuite> <!-- com.testng.practice.ParametersTest -->
